2025-04-17 20:03:51,740 - __main__ - INFO - Loaded 50 examples from dataset.json
2025-04-17 20:03:51,741 - __main__ - INFO - Starting QuestForge API on port 8080
2025-04-17 20:03:51,787 - werkzeug - INFO - [31m[1mWARNING: This is a development server. Do not use it in a production deployment. Use a production WSGI server instead.[0m
 * Running on all addresses (0.0.0.0)
 * Running on http://127.0.0.1:8080
 * Running on http://192.168.1.25:8080
2025-04-17 20:03:51,787 - werkzeug - INFO - [33mPress CTRL+C to quit[0m
2025-04-17 20:03:51,824 - werkzeug - INFO -  * Restarting with watchdog (windowsapi)
2025-04-17 20:03:52,304 - __main__ - INFO - Loaded 50 examples from dataset.json
2025-04-17 20:03:52,306 - __main__ - INFO - Starting QuestForge API on port 8080
2025-04-17 20:03:52,323 - werkzeug - WARNING -  * Debugger is active!
2025-04-17 20:03:52,361 - werkzeug - INFO -  * Debugger PIN: 988-022-648
2025-04-17 20:04:58,493 - werkzeug - INFO -  * Detected change in 'C:\\Users\\surya\\OneDrive\\Desktop\\Task-20250417T135336Z-001\\Task\\src\\web\\flask_api.py', reloading
2025-04-17 20:04:58,497 - werkzeug - INFO -  * Detected change in 'C:\\Users\\surya\\OneDrive\\Desktop\\Task-20250417T135336Z-001\\Task\\src\\web\\flask_api.py', reloading
2025-04-17 20:04:58,497 - werkzeug - INFO -  * Detected change in 'C:\\Users\\surya\\OneDrive\\Desktop\\Task-20250417T135336Z-001\\Task\\src\\web\\flask_api.py', reloading
2025-04-17 20:04:59,559 - werkzeug - INFO -  * Restarting with watchdog (windowsapi)
2025-04-17 20:05:00,125 - __main__ - INFO - Loaded 50 examples from dataset.json
2025-04-17 20:05:00,127 - __main__ - INFO - Starting QuestForge API on port 8080
2025-04-17 20:05:00,150 - werkzeug - WARNING -  * Debugger is active!
2025-04-17 20:05:00,158 - werkzeug - INFO -  * Debugger PIN: 988-022-648
2025-04-17 20:05:01,384 - werkzeug - INFO -  * Detected change in 'C:\\Users\\surya\\OneDrive\\Desktop\\Task-20250417T135336Z-001\\Task\\src\\web\\flask_api.py', reloading
2025-04-17 20:05:01,388 - werkzeug - INFO -  * Detected change in 'C:\\Users\\surya\\OneDrive\\Desktop\\Task-20250417T135336Z-001\\Task\\src\\web\\flask_api.py', reloading
2025-04-17 20:05:01,388 - werkzeug - INFO -  * Detected change in 'C:\\Users\\surya\\OneDrive\\Desktop\\Task-20250417T135336Z-001\\Task\\src\\web\\flask_api.py', reloading
2025-04-17 20:05:01,861 - werkzeug - INFO -  * Detected change in 'C:\\Users\\surya\\OneDrive\\Desktop\\Task-20250417T135336Z-001\\Task\\src\\web\\flask_api.py', reloading
2025-04-17 20:05:01,862 - werkzeug - INFO -  * Detected change in 'C:\\Users\\surya\\OneDrive\\Desktop\\Task-20250417T135336Z-001\\Task\\src\\web\\flask_api.py', reloading
2025-04-17 20:05:02,923 - werkzeug - INFO -  * Restarting with watchdog (windowsapi)
2025-04-17 20:05:03,447 - __main__ - INFO - Loaded 50 examples from dataset.json
2025-04-17 20:05:03,448 - __main__ - INFO - Starting QuestForge API on port 8080
2025-04-17 20:05:03,468 - werkzeug - WARNING -  * Debugger is active!
2025-04-17 20:05:03,473 - werkzeug - INFO -  * Debugger PIN: 988-022-648
2025-04-17 20:05:36,707 - __main__ - INFO - Loaded 50 examples from dataset.json
2025-04-17 20:05:36,709 - __main__ - INFO - Starting QuestForge API on port 8080
2025-04-17 20:05:36,752 - werkzeug - INFO - [31m[1mWARNING: This is a development server. Do not use it in a production deployment. Use a production WSGI server instead.[0m
 * Running on all addresses (0.0.0.0)
 * Running on http://127.0.0.1:8080
 * Running on http://192.168.1.25:8080
2025-04-17 20:05:36,753 - werkzeug - INFO - [33mPress CTRL+C to quit[0m
2025-04-17 20:05:36,779 - werkzeug - INFO -  * Restarting with watchdog (windowsapi)
2025-04-17 20:05:37,481 - __main__ - INFO - Loaded 50 examples from dataset.json
2025-04-17 20:05:37,485 - __main__ - INFO - Starting QuestForge API on port 8080
2025-04-17 20:05:37,510 - werkzeug - WARNING -  * Debugger is active!
2025-04-17 20:05:37,516 - werkzeug - INFO -  * Debugger PIN: 988-022-648
2025-04-17 20:09:10,680 - werkzeug - INFO -  * Detected change in 'C:\\Users\\surya\\OneDrive\\Desktop\\Task-20250417T135336Z-001\\Task\\src\\web\\fastapi_app.py', reloading
2025-04-17 20:09:10,682 - werkzeug - INFO -  * Detected change in 'C:\\Users\\surya\\OneDrive\\Desktop\\Task-20250417T135336Z-001\\Task\\src\\web\\flask_api.py', reloading
2025-04-17 20:09:10,683 - werkzeug - INFO -  * Detected change in 'C:\\Users\\surya\\OneDrive\\Desktop\\Task-20250417T135336Z-001\\Task\\src\\web\\fastapi_app.py', reloading
2025-04-17 20:09:10,685 - werkzeug - INFO -  * Detected change in 'C:\\Users\\surya\\OneDrive\\Desktop\\Task-20250417T135336Z-001\\Task\\src\\web\\flask_api.py', reloading
2025-04-17 20:09:10,686 - werkzeug - INFO -  * Detected change in 'C:\\Users\\surya\\OneDrive\\Desktop\\Task-20250417T135336Z-001\\Task\\src\\web\\fastapi_app.py', reloading
2025-04-17 20:09:10,687 - werkzeug - INFO -  * Detected change in 'C:\\Users\\surya\\OneDrive\\Desktop\\Task-20250417T135336Z-001\\Task\\src\\web\\flask_api.py', reloading
2025-04-17 20:09:10,801 - werkzeug - INFO -  * Detected change in 'C:\\Users\\surya\\OneDrive\\Desktop\\Task-20250417T135336Z-001\\Task\\src\\web\\fastapi_app.py', reloading
2025-04-17 20:09:10,803 - werkzeug - INFO -  * Detected change in 'C:\\Users\\surya\\OneDrive\\Desktop\\Task-20250417T135336Z-001\\Task\\src\\web\\flask_api.py', reloading
2025-04-17 20:09:11,883 - werkzeug - INFO -  * Restarting with watchdog (windowsapi)
